<?xml version="1.0" encoding="UTF-8"?>
<coverage generated="1535115765812" clover="3.2.0">
  <project timestamp="1535115765812" name="All files">
    <metrics statements="5" coveredstatements="5" conditionals="10" coveredconditionals="10" methods="1" coveredmethods="1" elements="16" coveredelements="16" complexity="0" loc="5" ncloc="5" packages="1" files="1" classes="1">
      <file name="sommaArray.js" path="/Users/Matteo/Desktop/EsempioTestCase/sommaArray.js">
        <metrics statements="5" coveredstatements="5" conditionals="10" coveredconditionals="10" methods="1" coveredmethods="1"/>
        <line num="1" count="1" type="stmt"/>
        <line num="3" count="18" type="cond" truecount="10" falsecount="0"/>
        <line num="7" count="6" type="stmt"/>
        <line num="12" count="12" type="stmt"/>
        <line num="17" count="1" type="stmt"/>
      </file>
    </metrics>
  </project>
</coverage>
