{"/Users/Matteo/Desktop/EsempioTestCase/sommaArray.js": {"path":"/Users/Matteo/Desktop/EsempioTestCase/sommaArray.js","statementMap":{"0":{"start":{"line":1,"column":17},"end":{"line":15,"column":1}},"1":{"start":{"line":3,"column":4},"end":{"line":13,"column":5}},"2":{"start":{"line":7,"column":8},"end":{"line":7,"column":51}},"3":{"start":{"line":12,"column":8},"end":{"line":12,"column":18}},"4":{"start":{"line":17,"column":0},"end":{"line":17,"column":28}}},"fnMap":{"0":{"name":"(anonymous_0)","decl":{"start":{"line":1,"column":17},"end":{"line":1,"column":18}},"loc":{"start":{"line":1,"column":31},"end":{"line":15,"column":1}},"line":1}},"branchMap":{"0":{"loc":{"start":{"line":3,"column":4},"end":{"line":13,"column":5}},"type":"if","locations":[{"start":{"line":3,"column":4},"end":{"line":13,"column":5}},{"start":{"line":3,"column":4},"end":{"line":13,"column":5}}],"line":3},"1":{"loc":{"start":{"line":3,"column":7},"end":{"line":6,"column":49}},"type":"binary-expr","locations":[{"start":{"line":3,"column":8},"end":{"line":3,"column":32}},{"start":{"line":3,"column":36},"end":{"line":3,"column":47}},{"start":{"line":4,"column":9},"end":{"line":4,"column":33}},{"start":{"line":4,"column":37},"end":{"line":4,"column":48}},{"start":{"line":5,"column":9},"end":{"line":5,"column":33}},{"start":{"line":5,"column":37},"end":{"line":5,"column":48}},{"start":{"line":6,"column":9},"end":{"line":6,"column":33}},{"start":{"line":6,"column":37},"end":{"line":6,"column":48}}],"line":3}},"s":{"0":1,"1":18,"2":6,"3":12,"4":1},"f":{"0":18},"b":{"0":[6,12],"1":[18,16,15,13,12,11,10,7]},"_coverageSchema":"332fd63041d2c1bcb487cc26dd0d5f7d97098a6c","hash":"7b73e193d2851527ba531f34139f1c8673e74ca9"}
}
